<?xml version="1.0" encoding="UTF-8"?>
<!-- Generated by org.testng.reporters.JUnitXMLReporter -->
<testsuite ignored="0" hostname="NAVIN" failures="0" tests="3" name="Maven_28_Nov_2023" time="33.123" errors="0" timestamp="2024-03-01T17:56:45 IST">
  <testcase classname="TestNg.parameritization.DataProviderWithExcel" name="verifyGoogleSearch2" time="14.345"/>
  <testcase classname="TestNg.parameritization.DataProviderWithExcel" name="verifyGoogleSearch2" time="9.059"/>
  <testcase classname="TestNg.parameritization.DataProviderWithExcel" name="verifyGoogleSearch2" time="8.444"/>
</testsuite> <!-- Maven_28_Nov_2023 -->
