<?xml version="1.0" encoding="UTF-8"?>
<testng-results ignored="0" total="3" passed="3" failed="0" skipped="0">
  <reporter-output>
  </reporter-output>
  <suite started-at="2024-03-01T17:56:12 IST" name="Default Suite" finished-at="2024-03-01T17:56:45 IST" duration-ms="33123">
    <groups>
    </groups>
    <test started-at="2024-03-01T17:56:12 IST" name="Maven_28_Nov_2023" finished-at="2024-03-01T17:56:45 IST" duration-ms="33123">
      <class name="TestNg.parameritization.DataProviderWithExcel">
        <test-method signature="verifyGoogleSearch2(java.lang.String,java.lang.String)[pri:0, instance:TestNg.parameritization.DataProviderWithExcel@394a2528]" started-at="2024-03-01T17:56:13 IST" name="verifyGoogleSearch2" data-provider="test-data" finished-at="2024-03-01T17:56:27 IST" duration-ms="14345" status="PASS">
          <params>
            <param index="0">
              <value>
                <![CDATA[Selenium]]>
              </value>
            </param>
            <param index="1">
              <value>
                <![CDATA[Pune]]>
              </value>
            </param>
          </params>
          <reporter-output>
          </reporter-output>
        </test-method> <!-- verifyGoogleSearch2 -->
        <test-method signature="verifyGoogleSearch2(java.lang.String,java.lang.String)[pri:0, instance:TestNg.parameritization.DataProviderWithExcel@394a2528]" started-at="2024-03-01T17:56:27 IST" name="verifyGoogleSearch2" data-provider="test-data" finished-at="2024-03-01T17:56:36 IST" duration-ms="9059" status="PASS">
          <params>
            <param index="0">
              <value>
                <![CDATA[Python]]>
              </value>
            </param>
            <param index="1">
              <value>
                <![CDATA[Nashik]]>
              </value>
            </param>
          </params>
          <reporter-output>
          </reporter-output>
        </test-method> <!-- verifyGoogleSearch2 -->
        <test-method signature="verifyGoogleSearch2(java.lang.String,java.lang.String)[pri:0, instance:TestNg.parameritization.DataProviderWithExcel@394a2528]" started-at="2024-03-01T17:56:36 IST" name="verifyGoogleSearch2" data-provider="test-data" finished-at="2024-03-01T17:56:45 IST" duration-ms="8444" status="PASS">
          <params>
            <param index="0">
              <value>
                <![CDATA[Ruby]]>
              </value>
            </param>
            <param index="1">
              <value>
                <![CDATA[Bhopal]]>
              </value>
            </param>
          </params>
          <reporter-output>
          </reporter-output>
        </test-method> <!-- verifyGoogleSearch2 -->
      </class> <!-- TestNg.parameritization.DataProviderWithExcel -->
    </test> <!-- Maven_28_Nov_2023 -->
  </suite> <!-- Default Suite -->
</testng-results>
